This file contains any messages produced by compilers while
running configure, to aid debugging if configure makes a mistake.

It was created by libtio configure 0.4.8, which was
generated by GNU Autoconf 2.67.  Invocation command line was

  $ ./configure 

## --------- ##
## Platform. ##
## --------- ##

hostname = nf-lrti
uname -m = i686
uname -r = 2.6.38-14-generic
uname -s = Linux
uname -v = #58-Ubuntu SMP Tue Mar 27 18:48:46 UTC 2012

/usr/bin/uname -p = unknown
/bin/uname -X     = unknown

/bin/arch              = unknown
/usr/bin/arch -k       = unknown
/usr/convex/getsysinfo = unknown
/usr/bin/hostinfo      = unknown
/bin/machine           = unknown
/usr/bin/oslevel       = unknown
/bin/universe          = unknown

PATH: /usr/local/sbin
PATH: /usr/local/bin
PATH: /usr/sbin
PATH: /usr/bin
PATH: /sbin
PATH: /bin
PATH: /usr/games


## ----------- ##
## Core tests. ##
## ----------- ##

configure:2465: result: Selected locale ru_RU.UTF-8
configure:2526: checking for gcc
configure:2542: found /usr/bin/gcc
configure:2553: result: gcc
configure:2782: checking for C compiler version
configure:2791: gcc --version >&5
gcc (Ubuntu/Linaro 4.5.2-8ubuntu4) 4.5.2
Copyright (C) 2010 Free Software Foundation, Inc.
This is free software; see the source for copying conditions.  There is NO
warranty; not even for MERCHANTABILITY or FITNESS FOR A PARTICULAR PURPOSE.

configure:2802: $? = 0
configure:2791: gcc -v >&5
Using built-in specs.
COLLECT_GCC=gcc
COLLECT_LTO_WRAPPER=/usr/lib/i386-linux-gnu/gcc/i686-linux-gnu/4.5.2/lto-wrapper
Target: i686-linux-gnu
Configured with: ../src/configure -v --with-pkgversion='Ubuntu/Linaro 4.5.2-8ubuntu4' --with-bugurl=file:///usr/share/doc/gcc-4.5/README.Bugs --enable-languages=c,c++,fortran,objc,obj-c++ --prefix=/usr --program-suffix=-4.5 --enable-shared --enable-multiarch --with-multiarch-defaults=i386-linux-gnu --enable-linker-build-id --with-system-zlib --libexecdir=/usr/lib/i386-linux-gnu --without-included-gettext --enable-threads=posix --with-gxx-include-dir=/usr/include/c++/4.5 --libdir=/usr/lib/i386-linux-gnu --enable-nls --with-sysroot=/ --enable-clocale=gnu --enable-libstdcxx-debug --enable-libstdcxx-time=yes --enable-plugin --enable-gold --enable-ld=default --with-plugin-ld=ld.gold --enable-objc-gc --enable-targets=all --disable-werror --with-arch-32=i686 --with-tune=generic --enable-checking=release --build=i686-linux-gnu --host=i686-linux-gnu --target=i686-linux-gnu
Thread model: posix
gcc version 4.5.2 (Ubuntu/Linaro 4.5.2-8ubuntu4) 
configure:2802: $? = 0
configure:2791: gcc -V >&5
gcc: '-V' option must have argument
configure:2802: $? = 1
configure:2791: gcc -qversion >&5
gcc: unrecognized option '-qversion'
gcc: no input files
configure:2802: $? = 1
configure:2822: checking whether the C compiler works
configure:2844: gcc  -Wall -O0 -ggdb -pipe -fpic   conftest.c  >&5
configure:2848: $? = 0
configure:2896: result: yes
configure:2899: checking for C compiler default output file name
configure:2901: result: a.out
configure:2907: checking for suffix of executables
configure:2914: gcc -o conftest  -Wall -O0 -ggdb -pipe -fpic   conftest.c  >&5
configure:2918: $? = 0
configure:2940: result: 
configure:2962: checking whether we are cross compiling
configure:2970: gcc -o conftest  -Wall -O0 -ggdb -pipe -fpic   conftest.c  >&5
configure:2974: $? = 0
configure:2981: ./conftest
configure:2985: $? = 0
configure:3000: result: no
configure:3005: checking for suffix of object files
configure:3027: gcc -c  -Wall -O0 -ggdb -pipe -fpic  conftest.c >&5
configure:3031: $? = 0
configure:3052: result: o
configure:3056: checking whether we are using the GNU C compiler
configure:3075: gcc -c  -Wall -O0 -ggdb -pipe -fpic  conftest.c >&5
configure:3075: $? = 0
configure:3084: result: yes
configure:3093: checking whether gcc accepts -g
configure:3113: gcc -c -g  conftest.c >&5
configure:3113: $? = 0
configure:3154: result: yes
configure:3171: checking for gcc option to accept ISO C89
configure:3235: gcc  -c  -Wall -O0 -ggdb -pipe -fpic  conftest.c >&5
configure:3235: $? = 0
configure:3248: result: none needed
configure:3272: checking for gcc option to accept ISO C99
configure:3421: gcc  -c  -Wall -O0 -ggdb -pipe -fpic  conftest.c >&5
conftest.c:60:29: error: expected ';', ',' or ')' before 'text'
conftest.c: In function 'main':
conftest.c:112:3: warning: implicit declaration of function 'test_restrict'
conftest.c:114:18: error: expected '=', ',', ';', 'asm' or '__attribute__' before 'newvar'
conftest.c:114:18: error: 'newvar' undeclared (first use in this function)
conftest.c:114:18: note: each undeclared identifier is reported only once for each function it appears in
conftest.c:124:3: error: 'for' loop initial declarations are only allowed in C99 mode
conftest.c:124:3: note: use option -std=c99 or -std=gnu99 to compile your code
configure:3421: $? = 1
configure: failed program was:
| /* confdefs.h */
| #define PACKAGE_NAME "libtio"
| #define PACKAGE_TARNAME "libtio"
| #define PACKAGE_VERSION "0.4.8"
| #define PACKAGE_STRING "libtio 0.4.8"
| #define PACKAGE_BUGREPORT ""
| #define PACKAGE_URL ""
| #define USE_VSPRINTF 1
| /* end confdefs.h.  */
| #include <stdarg.h>
| #include <stdbool.h>
| #include <stdlib.h>
| #include <wchar.h>
| #include <stdio.h>
| 
| // Check varargs macros.  These examples are taken from C99 6.10.3.5.
| #define debug(...) fprintf (stderr, __VA_ARGS__)
| #define showlist(...) puts (#__VA_ARGS__)
| #define report(test,...) ((test) ? puts (#test) : printf (__VA_ARGS__))
| static void
| test_varargs_macros (void)
| {
|   int x = 1234;
|   int y = 5678;
|   debug ("Flag");
|   debug ("X = %d\n", x);
|   showlist (The first, second, and third items.);
|   report (x>y, "x is %d but y is %d", x, y);
| }
| 
| // Check long long types.
| #define BIG64 18446744073709551615ull
| #define BIG32 4294967295ul
| #define BIG_OK (BIG64 / BIG32 == 4294967297ull && BIG64 % BIG32 == 0)
| #if !BIG_OK
|   your preprocessor is broken;
| #endif
| #if BIG_OK
| #else
|   your preprocessor is broken;
| #endif
| static long long int bignum = -9223372036854775807LL;
| static unsigned long long int ubignum = BIG64;
| 
| struct incomplete_array
| {
|   int datasize;
|   double data[];
| };
| 
| struct named_init {
|   int number;
|   const wchar_t *name;
|   double average;
| };
| 
| typedef const char *ccp;
| 
| static inline int
| test_restrict (ccp restrict text)
| {
|   // See if C++-style comments work.
|   // Iterate through items via the restricted pointer.
|   // Also check for declarations in for loops.
|   for (unsigned int i = 0; *(text+i) != '\0'; ++i)
|     continue;
|   return 0;
| }
| 
| // Check varargs and va_copy.
| static void
| test_varargs (const char *format, ...)
| {
|   va_list args;
|   va_start (args, format);
|   va_list args_copy;
|   va_copy (args_copy, args);
| 
|   const char *str;
|   int number;
|   float fnumber;
| 
|   while (*format)
|     {
|       switch (*format++)
| 	{
| 	case 's': // string
| 	  str = va_arg (args_copy, const char *);
| 	  break;
| 	case 'd': // int
| 	  number = va_arg (args_copy, int);
| 	  break;
| 	case 'f': // float
| 	  fnumber = va_arg (args_copy, double);
| 	  break;
| 	default:
| 	  break;
| 	}
|     }
|   va_end (args_copy);
|   va_end (args);
| }
| 
| int
| main ()
| {
| 
|   // Check bool.
|   _Bool success = false;
| 
|   // Check restrict.
|   if (test_restrict ("String literal") == 0)
|     success = true;
|   char *restrict newvar = "Another string";
| 
|   // Check varargs.
|   test_varargs ("s, d' f .", "string", 65, 34.234);
|   test_varargs_macros ();
| 
|   // Check flexible array members.
|   struct incomplete_array *ia =
|     malloc (sizeof (struct incomplete_array) + (sizeof (double) * 10));
|   ia->datasize = 10;
|   for (int i = 0; i < ia->datasize; ++i)
|     ia->data[i] = i * 1.234;
| 
|   // Check named initializers.
|   struct named_init ni = {
|     .number = 34,
|     .name = L"Test wide string",
|     .average = 543.34343,
|   };
| 
|   ni.number = 58;
| 
|   int dynamic_array[ni.number];
|   dynamic_array[ni.number - 1] = 543;
| 
|   // work around unused variable warnings
|   return (!success || bignum == 0LL || ubignum == 0uLL || newvar[0] == 'x'
| 	  || dynamic_array[ni.number - 1] != 543);
| 
|   ;
|   return 0;
| }
configure:3421: gcc -std=gnu99 -c  -Wall -O0 -ggdb -pipe -fpic  conftest.c >&5
configure:3421: $? = 0
configure:3441: result: -std=gnu99
configure:3543: checking for gcc -std=gnu99 option to accept ISO Standard C
configure:3557: result: -std=gnu99
configure:3561: checking whether make sets $(MAKE)
configure:3583: result: yes
configure:3635: checking for a BSD-compatible install
configure:3703: result: /usr/bin/install -c
configure:3714: checking whether ln -s works
configure:3718: result: yes
configure:3725: checking for a thread-safe mkdir -p
configure:3764: result: /bin/mkdir -p
configure:3771: checking for cp
configure:3787: found /bin/cp
configure:3798: result: cp -f
configure:3812: checking for ar
configure:3828: found /usr/bin/ar
configure:3839: result: ar cur
configure:3853: checking for ranlib
configure:3869: found /usr/bin/ranlib
configure:3880: result: ranlib
configure:3942: checking for hg
configure:3958: found /usr/bin/hg
configure:3969: result: hg
configure:3995: checking for gawk
configure:4025: result: no
configure:3995: checking for mawk
configure:4011: found /usr/bin/mawk
configure:4022: result: mawk
configure:4038: checking for pthread_mutex_lock in -lpthread
configure:4063: gcc -std=gnu99 -o conftest  -Wall -O0 -ggdb -pipe -fpic    conftest.c -lpthread   >&5
configure:4063: $? = 0
configure:4072: result: yes
configure:4091: checking how to run the C preprocessor
configure:4122: gcc -std=gnu99 -E  conftest.c
configure:4122: $? = 0
configure:4136: gcc -std=gnu99 -E  conftest.c
conftest.c:11:28: fatal error: ac_nonexistent.h: No such file or directory
compilation terminated.
configure:4136: $? = 1
configure: failed program was:
| /* confdefs.h */
| #define PACKAGE_NAME "libtio"
| #define PACKAGE_TARNAME "libtio"
| #define PACKAGE_VERSION "0.4.8"
| #define PACKAGE_STRING "libtio 0.4.8"
| #define PACKAGE_BUGREPORT ""
| #define PACKAGE_URL ""
| #define USE_VSPRINTF 1
| #define HAVE_LIBPTHREAD 1
| /* end confdefs.h.  */
| #include <ac_nonexistent.h>
configure:4161: result: gcc -std=gnu99 -E
configure:4181: gcc -std=gnu99 -E  conftest.c
configure:4181: $? = 0
configure:4195: gcc -std=gnu99 -E  conftest.c
conftest.c:11:28: fatal error: ac_nonexistent.h: No such file or directory
compilation terminated.
configure:4195: $? = 1
configure: failed program was:
| /* confdefs.h */
| #define PACKAGE_NAME "libtio"
| #define PACKAGE_TARNAME "libtio"
| #define PACKAGE_VERSION "0.4.8"
| #define PACKAGE_STRING "libtio 0.4.8"
| #define PACKAGE_BUGREPORT ""
| #define PACKAGE_URL ""
| #define USE_VSPRINTF 1
| #define HAVE_LIBPTHREAD 1
| /* end confdefs.h.  */
| #include <ac_nonexistent.h>
configure:4224: checking for grep that handles long lines and -e
configure:4282: result: /bin/grep
configure:4287: checking for egrep
configure:4349: result: /bin/grep -E
configure:4354: checking for ANSI C header files
configure:4374: gcc -std=gnu99 -c  -Wall -O0 -ggdb -pipe -fpic   conftest.c >&5
configure:4374: $? = 0
configure:4447: gcc -std=gnu99 -o conftest  -Wall -O0 -ggdb -pipe -fpic    conftest.c -lpthread  >&5
configure:4447: $? = 0
configure:4447: ./conftest
configure:4447: $? = 0
configure:4458: result: yes
configure:4471: checking for sys/types.h
configure:4471: gcc -std=gnu99 -c  -Wall -O0 -ggdb -pipe -fpic   conftest.c >&5
configure:4471: $? = 0
configure:4471: result: yes
configure:4471: checking for sys/stat.h
configure:4471: gcc -std=gnu99 -c  -Wall -O0 -ggdb -pipe -fpic   conftest.c >&5
configure:4471: $? = 0
configure:4471: result: yes
configure:4471: checking for stdlib.h
configure:4471: gcc -std=gnu99 -c  -Wall -O0 -ggdb -pipe -fpic   conftest.c >&5
configure:4471: $? = 0
configure:4471: result: yes
configure:4471: checking for string.h
configure:4471: gcc -std=gnu99 -c  -Wall -O0 -ggdb -pipe -fpic   conftest.c >&5
configure:4471: $? = 0
configure:4471: result: yes
configure:4471: checking for memory.h
configure:4471: gcc -std=gnu99 -c  -Wall -O0 -ggdb -pipe -fpic   conftest.c >&5
configure:4471: $? = 0
configure:4471: result: yes
configure:4471: checking for strings.h
configure:4471: gcc -std=gnu99 -c  -Wall -O0 -ggdb -pipe -fpic   conftest.c >&5
configure:4471: $? = 0
configure:4471: result: yes
configure:4471: checking for inttypes.h
configure:4471: gcc -std=gnu99 -c  -Wall -O0 -ggdb -pipe -fpic   conftest.c >&5
configure:4471: $? = 0
configure:4471: result: yes
configure:4471: checking for stdint.h
configure:4471: gcc -std=gnu99 -c  -Wall -O0 -ggdb -pipe -fpic   conftest.c >&5
configure:4471: $? = 0
configure:4471: result: yes
configure:4471: checking for unistd.h
configure:4471: gcc -std=gnu99 -c  -Wall -O0 -ggdb -pipe -fpic   conftest.c >&5
configure:4471: $? = 0
configure:4471: result: yes
configure:4487: checking size of pthread_t
configure:4492: gcc -std=gnu99 -o conftest  -Wall -O0 -ggdb -pipe -fpic    conftest.c -lpthread  >&5
configure:4492: $? = 0
configure:4492: ./conftest
configure:4492: $? = 0
configure:4506: result: 4
configure:4520: checking size of long long
configure:4525: gcc -std=gnu99 -o conftest  -Wall -O0 -ggdb -pipe -fpic    conftest.c -lpthread  >&5
configure:4525: $? = 0
configure:4525: ./conftest
configure:4525: $? = 0
configure:4539: result: 8
configure:4553: checking size of long
configure:4558: gcc -std=gnu99 -o conftest  -Wall -O0 -ggdb -pipe -fpic    conftest.c -lpthread  >&5
configure:4558: $? = 0
configure:4558: ./conftest
configure:4558: $? = 0
configure:4572: result: 4
configure:4587: checking float.h usability
configure:4587: gcc -std=gnu99 -c  -Wall -O0 -ggdb -pipe -fpic   conftest.c >&5
configure:4587: $? = 0
configure:4587: result: yes
configure:4587: checking float.h presence
configure:4587: gcc -std=gnu99 -E  conftest.c
configure:4587: $? = 0
configure:4587: result: yes
configure:4587: checking for float.h
configure:4587: result: yes
configure:4587: checking limits.h usability
configure:4587: gcc -std=gnu99 -c  -Wall -O0 -ggdb -pipe -fpic   conftest.c >&5
configure:4587: $? = 0
configure:4587: result: yes
configure:4587: checking limits.h presence
configure:4587: gcc -std=gnu99 -E  conftest.c
configure:4587: $? = 0
configure:4587: result: yes
configure:4587: checking for limits.h
configure:4587: result: yes
configure:4587: checking for stdlib.h
configure:4587: result: yes
configure:4587: checking for string.h
configure:4587: result: yes
configure:4587: checking pthread.h usability
configure:4587: gcc -std=gnu99 -c  -Wall -O0 -ggdb -pipe -fpic   conftest.c >&5
configure:4587: $? = 0
configure:4587: result: yes
configure:4587: checking pthread.h presence
configure:4587: gcc -std=gnu99 -E  conftest.c
configure:4587: $? = 0
configure:4587: result: yes
configure:4587: checking for pthread.h
configure:4587: result: yes
configure:4599: checking for inline
configure:4615: gcc -std=gnu99 -c  -Wall -O0 -ggdb -pipe -fpic   conftest.c >&5
configure:4615: $? = 0
configure:4623: result: inline
configure:4641: checking for size_t
configure:4641: gcc -std=gnu99 -c  -Wall -O0 -ggdb -pipe -fpic   conftest.c >&5
configure:4641: $? = 0
configure:4641: gcc -std=gnu99 -c  -Wall -O0 -ggdb -pipe -fpic   conftest.c >&5
conftest.c: In function 'main':
conftest.c:65:21: error: expected expression before ')' token
configure:4641: $? = 1
configure: failed program was:
| /* confdefs.h */
| #define PACKAGE_NAME "libtio"
| #define PACKAGE_TARNAME "libtio"
| #define PACKAGE_VERSION "0.4.8"
| #define PACKAGE_STRING "libtio 0.4.8"
| #define PACKAGE_BUGREPORT ""
| #define PACKAGE_URL ""
| #define USE_VSPRINTF 1
| #define HAVE_LIBPTHREAD 1
| #define STDC_HEADERS 1
| #define HAVE_SYS_TYPES_H 1
| #define HAVE_SYS_STAT_H 1
| #define HAVE_STDLIB_H 1
| #define HAVE_STRING_H 1
| #define HAVE_MEMORY_H 1
| #define HAVE_STRINGS_H 1
| #define HAVE_INTTYPES_H 1
| #define HAVE_STDINT_H 1
| #define HAVE_UNISTD_H 1
| #define SIZEOF_PTHREAD_T 4
| #define SIZEOF_LONG_LONG 8
| #define SIZEOF_LONG 4
| #define HAVE_FLOAT_H 1
| #define HAVE_LIMITS_H 1
| #define HAVE_STDLIB_H 1
| #define HAVE_STRING_H 1
| #define HAVE_PTHREAD_H 1
| /* end confdefs.h.  */
| #include <stdio.h>
| #ifdef HAVE_SYS_TYPES_H
| # include <sys/types.h>
| #endif
| #ifdef HAVE_SYS_STAT_H
| # include <sys/stat.h>
| #endif
| #ifdef STDC_HEADERS
| # include <stdlib.h>
| # include <stddef.h>
| #else
| # ifdef HAVE_STDLIB_H
| #  include <stdlib.h>
| # endif
| #endif
| #ifdef HAVE_STRING_H
| # if !defined STDC_HEADERS && defined HAVE_MEMORY_H
| #  include <memory.h>
| # endif
| # include <string.h>
| #endif
| #ifdef HAVE_STRINGS_H
| # include <strings.h>
| #endif
| #ifdef HAVE_INTTYPES_H
| # include <inttypes.h>
| #endif
| #ifdef HAVE_STDINT_H
| # include <stdint.h>
| #endif
| #ifdef HAVE_UNISTD_H
| # include <unistd.h>
| #endif
| int
| main ()
| {
| if (sizeof ((size_t)))
| 	    return 0;
|   ;
|   return 0;
| }
configure:4641: result: yes
configure:4656: checking for stdlib.h
configure:4656: result: yes
configure:4666: checking for GNU libc compatible malloc
configure:4690: gcc -std=gnu99 -o conftest  -Wall -O0 -ggdb -pipe -fpic    conftest.c -lpthread  >&5
configure:4690: $? = 0
configure:4690: ./conftest
configure:4690: $? = 0
configure:4700: result: yes
configure:4723: checking for strerror
configure:4723: gcc -std=gnu99 -o conftest  -Wall -O0 -ggdb -pipe -fpic    conftest.c -lpthread  >&5
configure:4723: $? = 0
configure:4723: result: yes
configure:4838: creating ./config.status

## ---------------------- ##
## Running config.status. ##
## ---------------------- ##

This file was extended by libtio config.status 0.4.8, which was
generated by GNU Autoconf 2.67.  Invocation command line was

  CONFIG_FILES    = 
  CONFIG_HEADERS  = 
  CONFIG_LINKS    = 
  CONFIG_COMMANDS = 
  $ ./config.status 

on nf-lrti

config.status:847: creating Makefile
config.status:847: creating src/Makefile
config.status:847: creating src/tests/Makefile
config.status:847: creating Doxyfile
config.status:847: creating src/tools/inlocgen.sh
config.status:847: creating src/include/config.h
config.status:1027: src/include/config.h is unchanged

## ---------------- ##
## Cache variables. ##
## ---------------- ##

ac_cv_c_compiler_gnu=yes
ac_cv_c_inline=inline
ac_cv_env_CC_set=
ac_cv_env_CC_value=
ac_cv_env_CFLAGS_set=
ac_cv_env_CFLAGS_value=
ac_cv_env_CPPFLAGS_set=
ac_cv_env_CPPFLAGS_value=
ac_cv_env_CPP_set=
ac_cv_env_CPP_value=
ac_cv_env_LDFLAGS_set=
ac_cv_env_LDFLAGS_value=
ac_cv_env_LIBS_set=
ac_cv_env_LIBS_value=
ac_cv_env_build_alias_set=
ac_cv_env_build_alias_value=
ac_cv_env_host_alias_set=
ac_cv_env_host_alias_value=
ac_cv_env_target_alias_set=
ac_cv_env_target_alias_value=
ac_cv_func_malloc_0_nonnull=yes
ac_cv_func_strerror=yes
ac_cv_header_float_h=yes
ac_cv_header_inttypes_h=yes
ac_cv_header_limits_h=yes
ac_cv_header_memory_h=yes
ac_cv_header_pthread_h=yes
ac_cv_header_stdc=yes
ac_cv_header_stdint_h=yes
ac_cv_header_stdlib_h=yes
ac_cv_header_string_h=yes
ac_cv_header_strings_h=yes
ac_cv_header_sys_stat_h=yes
ac_cv_header_sys_types_h=yes
ac_cv_header_unistd_h=yes
ac_cv_lib_pthread_pthread_mutex_lock=yes
ac_cv_objext=o
ac_cv_path_EGREP='/bin/grep -E'
ac_cv_path_GREP=/bin/grep
ac_cv_path_install='/usr/bin/install -c'
ac_cv_path_mkdir=/bin/mkdir
ac_cv_prog_AR='ar cur'
ac_cv_prog_AWK=mawk
ac_cv_prog_CP='cp -f'
ac_cv_prog_CPP='gcc -std=gnu99 -E'
ac_cv_prog_HG=hg
ac_cv_prog_RANLIB=ranlib
ac_cv_prog_ac_ct_CC=gcc
ac_cv_prog_cc_c89=
ac_cv_prog_cc_c99=-std=gnu99
ac_cv_prog_cc_g=yes
ac_cv_prog_cc_stdc=-std=gnu99
ac_cv_prog_make_make_set=yes
ac_cv_sizeof_long=4
ac_cv_sizeof_long_long=8
ac_cv_sizeof_pthread_t=4
ac_cv_type_size_t=yes

## ----------------- ##
## Output variables. ##
## ----------------- ##

AR='ar cur'
AWK='mawk'
CC='gcc -std=gnu99'
CFLAGS=' -Wall -O0 -ggdb -pipe -fpic '
CP='cp -f'
CPP='gcc -std=gnu99 -E'
CPPFLAGS=''
DEEPDOC='NO'
DEFS='-DHAVE_CONFIG_H'
DYNAMIC='dynamic'
ECHO_C=''
ECHO_N='-n'
ECHO_T=''
EGREP='/bin/grep -E'
EXEEXT=''
GREP='/bin/grep'
HG='hg parents --template '\''{rev}'\'''
INSTALLDOCS=''
INSTALL_DATA='${INSTALL} -m 644'
INSTALL_PDF_DOCS=''
INSTALL_PROGRAM='${INSTALL}'
INSTALL_SCRIPT='${INSTALL}'
LATEX=''
LATEXYES='NO'
LDFLAGS=''
LIBOBJS=''
LIBS='-lpthread '
LN_S='ln -s'
LTLIBOBJS=''
MAKEVERSION='makeversion'
MKDIR_P='/bin/mkdir -p'
MLOCALE='ru_RU.UTF-8'
OBJEXT='o'
PACKAGE_BUGREPORT=''
PACKAGE_NAME='libtio'
PACKAGE_STRING='libtio 0.4.8'
PACKAGE_TARNAME='libtio'
PACKAGE_URL=''
PACKAGE_VERSION='0.4.8'
PATH_SEPARATOR=':'
RANLIB='ranlib'
SET_MAKE=''
SHELL='/bin/bash'
STATIC=''
THEGPROF=''
ac_ct_CC='gcc'
bindir='${exec_prefix}/bin'
build_alias=''
datadir='${datarootdir}'
datarootdir='${prefix}/share'
docdir='${datarootdir}/doc/${PACKAGE_TARNAME}'
dvidir='${docdir}'
exec_prefix='${prefix}'
host_alias=''
htmldir='${docdir}'
includedir='${prefix}/include'
infodir='${datarootdir}/info'
libdir='${exec_prefix}/lib'
libexecdir='${exec_prefix}/libexec'
localedir='${datarootdir}/locale'
localstatedir='${prefix}/var'
mandir='${datarootdir}/man'
oldincludedir='/usr/include'
pdfdir='${docdir}'
prefix='/usr/local'
program_transform_name='s,x,x,'
psdir='${docdir}'
sbindir='${exec_prefix}/sbin'
sharedstatedir='${prefix}/com'
sysconfdir='${prefix}/etc'
target_alias=''

## ----------- ##
## confdefs.h. ##
## ----------- ##

/* confdefs.h */
#define PACKAGE_NAME "libtio"
#define PACKAGE_TARNAME "libtio"
#define PACKAGE_VERSION "0.4.8"
#define PACKAGE_STRING "libtio 0.4.8"
#define PACKAGE_BUGREPORT ""
#define PACKAGE_URL ""
#define USE_VSPRINTF 1
#define HAVE_LIBPTHREAD 1
#define STDC_HEADERS 1
#define HAVE_SYS_TYPES_H 1
#define HAVE_SYS_STAT_H 1
#define HAVE_STDLIB_H 1
#define HAVE_STRING_H 1
#define HAVE_MEMORY_H 1
#define HAVE_STRINGS_H 1
#define HAVE_INTTYPES_H 1
#define HAVE_STDINT_H 1
#define HAVE_UNISTD_H 1
#define SIZEOF_PTHREAD_T 4
#define SIZEOF_LONG_LONG 8
#define SIZEOF_LONG 4
#define HAVE_FLOAT_H 1
#define HAVE_LIMITS_H 1
#define HAVE_STDLIB_H 1
#define HAVE_STRING_H 1
#define HAVE_PTHREAD_H 1
#define HAVE_STDLIB_H 1
#define HAVE_MALLOC 1
#define HAVE_STRERROR 1

configure: exit 0
